Arguments: 
  /usr/bin/node /usr/bin/yarn install

PATH: 
  /opt/android-sdk/emulator:/opt/android-sdk/emulator:/usr/local/sbin:/usr/local/bin:/usr/bin:/opt/android-sdk/emulator:/opt/android-sdk/cmdline-tools/latest/bin:/opt/android-sdk/platform-tools:/usr/lib/jvm/default/bin:/usr/bin/site_perl:/usr/bin/vendor_perl:/usr/bin/core_perl:/var/lib/snapd/snap/bin:/home/lucifer/.config/composer/vendor/bin:/home/lucifer/.config/composer/vendor/bin:/opt/android-sdk/emulator:/opt/android-sdk/platform-tools/:/opt/android-sdk/tools/bin/:/opt/android-sdk/tools/:/home/lucifer/.config/composer/vendor/bin:/home/lucifer/.config/composer/vendor/bin:/opt/android-sdk/emulator:/opt/android-sdk/platform-tools/:/opt/android-sdk/tools/bin/:/opt/android-sdk/tools/

Yarn version: 
  1.22.19

Node version: 
  18.6.0

Platform: 
  linux x64

Trace: 
  Error: https://registry.yarnpkg.com/autoprefixer: ETIMEDOUT
      at Timeout._onTimeout (/usr/lib/node_modules/yarn/lib/cli.js:141550:19)
      at listOnTimeout (node:internal/timers:564:17)
      at process.processTimers (node:internal/timers:507:7)

npm manifest: 
  {
    "name": "portfolio",
    "version": "1.0.0",
    "main": "index.js",
    "license": "MIT",
    "scripts": {
      "watch:sass": "node-sass sass/main.scss ./style.css -w",
      "devserver": "live-server",
      "start": "npm-run-all --parallel devserver watch:sass",
      "compile:sass": "node-sass sass/main.scss css/style.comp.css",
      "concat:css": "concat -o css/style.concat.css css/style.comp.css",
      "prefix:css": "postcss --use autoprefixer -b 'last 10 versions' css/style.concat.css -o css/style.prefix.css",
      "compress:css": "node-sass css/style.prefix.css ./style.css --output-style compressed",
      "build:css": "npm-run-all compile:sass concat:css prefix:css compress:css"
    },
    "dependencies": {
      "autoprefixer": "^10.4.7",
      "concat": "^1.0.3",
      "node-sass": "^7.0.1",
      "npm-run-all": "^4.1.5",
      "postcss": "^8.4.14",
      "postcss-cli": "^10.0.0"
    }
  }

yarn manifest: 
  No manifest

Lockfile: 
  No lockfile
